JDK:JDK1.8_0.65_64,OS:Win7_64,
CPU:I5-4210M(2.6Hz*2),PC memoery:8G
Pool max Size:10,init size:0,max Wait:8000ms


Pool[HikariCP -- Multiple thread query] -- Begin{1000threads X 1000iterate}
Pool[HikariCP -- Multiple thread query] -- Execution count:1000000,total time:22791335ms,avg time:22.82ms,min time:0ms,max time:8723ms
success count       :998714
fail count          :1286
avr(ms)             :22.82
min(ms)             :0
max(ms)             :8723
time==0ms           :946136
1ms=<time<=10ms     :41147
10ms<time<=50ms     :1776
50ms<time<=100ms    :703
100ms<time<=200ms   :573
200ms<time<=500ms   :1051
500ms<time<=1000ms  :1290
1000ms<time<=2000ms :1767
2000ms<time<=8000ms :4226
time>8000ms         :45
Pool[Tomcat -- Multiple thread query] -- Begin{1000threads X 1000iterate}
Pool[Tomcat -- Multiple thread query] -- Execution count:1000000,total time:74494431ms,avg time:74.49ms,min time:0ms,max time:264ms
success count       :1000000
fail count          :0
avr(ms)             :74.49
min(ms)             :0
max(ms)             :264
time==0ms           :1990
1ms=<time<=10ms     :13
10ms<time<=50ms     :1690
50ms<time<=100ms    :958117
100ms<time<=200ms   :37833
200ms<time<=500ms   :357
500ms<time<=1000ms  :0
1000ms<time<=2000ms :0
2000ms<time<=8000ms :0
time>8000ms         :0
Pool[Druid -- Multiple thread query] -- Begin{1000threads X 1000iterate}
Pool[Druid -- Multiple thread query] -- Execution count:1000000,total time:82523068ms,avg time:82.52ms,min time:0ms,max time:1387ms
success count       :1000000
fail count          :0
avr(ms)             :82.52
min(ms)             :0
max(ms)             :1387
time==0ms           :283335
1ms=<time<=10ms     :140868
10ms<time<=50ms     :8306
50ms<time<=100ms    :313088
100ms<time<=200ms   :145802
200ms<time<=500ms   :103351
500ms<time<=1000ms  :5212
1000ms<time<=2000ms :38
2000ms<time<=8000ms :0
time>8000ms         :0
Pool[Vibur -- Multiple thread query] -- Begin{1000threads X 1000iterate}
Pool[Vibur -- Multiple thread query] -- Execution count:1000000,total time:49697717ms,avg time:49.70ms,min time:0ms,max time:583ms
success count       :1000000
fail count          :0
avr(ms)             :49.70
min(ms)             :0
max(ms)             :583
time==0ms           :1012
1ms=<time<=10ms     :0
10ms<time<=50ms     :920348
50ms<time<=100ms    :76870
100ms<time<=200ms   :1768
200ms<time<=500ms   :0
500ms<time<=1000ms  :2
1000ms<time<=2000ms :0
2000ms<time<=8000ms :0
time>8000ms         :0
Pool[BeeCP_Fair -- Multiple thread query] -- Begin{1000threads X 1000iterate}
Pool[BeeCP_Fair -- Multiple thread query] -- Execution count:1000000,total time:34451580ms,avg time:34.45ms,min time:0ms,max time:3515ms
success count       :1000000
fail count          :0
avr(ms)             :34.45
min(ms)             :0
max(ms)             :3515
time==0ms           :933712
1ms=<time<=10ms     :33033
10ms<time<=50ms     :2482
50ms<time<=100ms    :843
100ms<time<=200ms   :1493
200ms<time<=500ms   :4081
500ms<time<=1000ms  :9833
1000ms<time<=2000ms :11563
2000ms<time<=8000ms :2960
time>8000ms         :0
Pool[BeeCP_Compete -- Multiple thread query] -- Begin{1000threads X 1000iterate}
Pool[BeeCP_Compete -- Multiple thread query] -- Execution count:1000000,total time:12434342ms,avg time:12.46ms,min time:0ms,max time:8034ms
success count       :998258
fail count          :1742
avr(ms)             :12.46
min(ms)             :0
max(ms)             :8034
time==0ms           :949877
1ms=<time<=10ms     :42122
10ms<time<=50ms     :3324
50ms<time<=100ms    :353
100ms<time<=200ms   :227
200ms<time<=500ms   :161
500ms<time<=1000ms  :52
1000ms<time<=2000ms :60
2000ms<time<=8000ms :2078
time>8000ms         :4
[Multiple thread query]Performace analysis:Bee_C(12.46) > HikariCP(22.82) > Bee_F(34.45) > Vibur(49.70) > TOMCAT(74.49) > Druid(82.52)
|Sumary|HikariCP|TOMCAT|Druid|Vibur|Bee_F|Bee_C|
| --- | --- | --- | --- | --- | --- | --- |
|success Count|998714|1000000|1000000|1000000|1000000|998258|
|fail count|1286|0|0|0|0|1742|
|avr(ms)|22.82|74.49|82.52|49.70|34.45|12.46|
|min(ms)|0|0|0|0|0|0|
|max(ms)|8723|264|1387|583|3515|8034|
|time=0ms|946136|1990|283335|1012|933712|949877|
|1ms=<time<=10ms|41147|13|140868|0|33033|42122|
|10ms<time<=50ms|1776|1690|8306|920348|2482|3324|
|50ms<time<=100ms|703|958117|313088|76870|843|353|
|100ms<time<=200ms|573|37833|145802|1768|1493|227|
|200ms<time<=500ms|1051|357|103351|0|4081|161|
|500ms<time<=1000ms|1290|0|5212|2|9833|52|
|1000ms<time<=2000ms|1767|0|38|0|11563|60|
|2000ms<time<=800ms|4226|0|0|0|2960|2078|
|8000ms<time|45|0|0|0|0|4||
