Pool[C3P0 -- Multiple thread query] -- Begin{1000threads X 1000iterate}
Pool[C3P0 -- Multiple thread query] -- Execution count:1000000,total time:38924120ms,avg time:38.92ms,min time:0ms,max time:1675ms
success count       :1000000
fail count          :0
avr(ms)             :38.92
min(ms)             :0
max(ms)             :1675
time==0ms           :227434
1ms=<time<=10ms     :125632
10ms<time<=50ms     :384773
50ms<time<=100ms    :162326
100ms<time<=200ms   :82204
200ms<time<=500ms   :16899
500ms<time<=1000ms  :631
1000ms<time<=2000ms :101
2000ms<time<=8000ms :0
time>8000ms         :0
Pool[DBCP -- Multiple thread query] -- Begin{1000threads X 1000iterate}
Pool[DBCP -- Multiple thread query] -- Execution count:1000000,total time:29724971ms,avg time:29.72ms,min time:0ms,max time:123ms
success count       :1000000
fail count          :0
avr(ms)             :29.72
min(ms)             :0
max(ms)             :123
time==0ms           :2970
1ms=<time<=10ms     :251
10ms<time<=50ms     :989797
50ms<time<=100ms    :5959
100ms<time<=200ms   :1023
200ms<time<=500ms   :0
500ms<time<=1000ms  :0
1000ms<time<=2000ms :0
2000ms<time<=8000ms :0
time>8000ms         :0
Pool[Tomcat -- Multiple thread query] -- Begin{1000threads X 1000iterate}
Pool[Tomcat -- Multiple thread query] -- Execution count:1000000,total time:26151476ms,avg time:26.15ms,min time:0ms,max time:737ms
success count       :1000000
fail count          :0
avr(ms)             :26.15
min(ms)             :0
max(ms)             :737
time==0ms           :6
1ms=<time<=10ms     :3235
10ms<time<=50ms     :993607
50ms<time<=100ms    :1152
100ms<time<=200ms   :1002
200ms<time<=500ms   :384
500ms<time<=1000ms  :614
1000ms<time<=2000ms :0
2000ms<time<=8000ms :0
time>8000ms         :0
Pool[Druid -- Multiple thread query] -- Begin{1000threads X 1000iterate}
Pool[Druid -- Multiple thread query] -- Execution count:1000000,total time:29959429ms,avg time:29.96ms,min time:0ms,max time:663ms
success count       :1000000
fail count          :0
avr(ms)             :29.96
min(ms)             :0
max(ms)             :663
time==0ms           :443211
1ms=<time<=10ms     :3897
10ms<time<=50ms     :310953
50ms<time<=100ms    :191701
100ms<time<=200ms   :44916
200ms<time<=500ms   :5310
500ms<time<=1000ms  :12
1000ms<time<=2000ms :0
2000ms<time<=8000ms :0
time>8000ms         :0
Pool[HikariCP -- Multiple thread query] -- Begin{1000threads X 1000iterate}
Pool[HikariCP -- Multiple thread query] -- Execution count:1000000,total time:11110329ms,avg time:11.11ms,min time:0ms,max time:13974ms
success count       :1000000
fail count          :0
avr(ms)             :11.11
min(ms)             :0
max(ms)             :13974
time==0ms           :984974
1ms=<time<=10ms     :6894
10ms<time<=50ms     :727
50ms<time<=100ms    :439
100ms<time<=200ms   :747
200ms<time<=500ms   :1450
500ms<time<=1000ms  :1525
1000ms<time<=2000ms :1471
2000ms<time<=8000ms :1667
time>8000ms         :106
Pool[Vibur -- Multiple thread query] -- Begin{1000threads X 1000iterate}
Pool[Vibur -- Multiple thread query] -- Execution count:1000000,total time:9203209ms,avg time:9.20ms,min time:0ms,max time:9671ms
success count       :1000000
fail count          :0
avr(ms)             :9.20
min(ms)             :0
max(ms)             :9671
time==0ms           :995417
1ms=<time<=10ms     :2605
10ms<time<=50ms     :80
50ms<time<=100ms    :8
100ms<time<=200ms   :5
200ms<time<=500ms   :33
500ms<time<=1000ms  :80
1000ms<time<=2000ms :186
2000ms<time<=8000ms :1363
time>8000ms         :223
Pool[BeeCP_Fair -- Multiple thread query] -- Begin{1000threads X 1000iterate}
Pool[BeeCP_Fair -- Multiple thread query] -- Execution count:1000000,total time:8765296ms,avg time:8.77ms,min time:0ms,max time:1135ms
success count       :1000000
fail count          :0
avr(ms)             :8.77
min(ms)             :0
max(ms)             :1135
time==0ms           :944602
1ms=<time<=10ms     :19440
10ms<time<=50ms     :4574
50ms<time<=100ms    :2202
100ms<time<=200ms   :12764
200ms<time<=500ms   :13594
500ms<time<=1000ms  :2246
1000ms<time<=2000ms :578
2000ms<time<=8000ms :0
time>8000ms         :0
Pool[BeeCP_Compete -- Multiple thread query] -- Begin{1000threads X 1000iterate}
Pool[BeeCP_Compete -- Multiple thread query] -- Execution count:1000000,total time:8047591ms,avg time:8.05ms,min time:0ms,max time:11511ms
success count       :1000000
fail count          :0
avr(ms)             :8.05
min(ms)             :0
max(ms)             :11511
time==0ms           :992472
1ms=<time<=10ms     :5141
10ms<time<=50ms     :815
50ms<time<=100ms    :119
100ms<time<=200ms   :37
200ms<time<=500ms   :55
500ms<time<=1000ms  :72
1000ms<time<=2000ms :132
2000ms<time<=8000ms :755
time>8000ms         :402
[Multiple thread query]Performace analysis:Bee_C(8.05) > Bee_F(8.77) > Vibur(9.20) > HikariCP(11.11) > TOMCAT(26.15) > DBCP(29.72) > Druid(29.96) > C3P0(38.92)
|Sumary|C3P0|DBCP|TOMCAT|Druid|HikariCP|Vibur|Bee_F|Bee_C|
| --- | --- | --- | --- | --- | --- | --- | --- | --- |
|success Count|1000000|1000000|1000000|1000000|1000000|1000000|1000000|1000000|
|fail count|0|0|0|0|0|0|0|0|
|avr(ms)|38.92|29.72|26.15|29.96|11.11|9.20|8.77|8.05|
|min(ms)|0|0|0|0|0|0|0|0|
|max(ms)|1675|123|737|663|13974|9671|1135|11511|
|time=0ms|227434|2970|6|443211|984974|995417|944602|992472|
|1ms=<time<=10ms|125632|251|3235|3897|6894|2605|19440|5141|
|10ms<time<=50ms|384773|989797|993607|310953|727|80|4574|815|
|50ms<time<=100ms|162326|5959|1152|191701|439|8|2202|119|
|100ms<time<=200ms|82204|1023|1002|44916|747|5|12764|37|
|200ms<time<=500ms|16899|0|384|5310|1450|33|13594|55|
|500ms<time<=1000ms|631|0|614|12|1525|80|2246|72|
|1000ms<time<=2000ms|101|0|0|0|1471|186|578|132|
|2000ms<time<=800ms|0|0|0|0|1667|1363|0|755|
|8000ms<time|0|0|0|0|106|223|0|402||
