Pool[C3P0 -- Multiple thread query] -- Begin{1000threads X 1000iterate}
Pool[C3P0 -- Multiple thread query] -- Execution count:1000000,total time:96601233ms,avg time:96.60ms,min time:0ms,max time:3949ms
success count       :1000000
fail count          :0
avr(ms)             :96.60
min(ms)             :0
max(ms)             :3949
time==0ms           :155336
1ms=<time<=10ms     :73824
10ms<time<=50ms     :272639
50ms<time<=100ms    :192203
100ms<time<=200ms   :174072
200ms<time<=500ms   :110892
500ms<time<=1000ms  :18492
1000ms<time<=2000ms :2080
2000ms<time<=8000ms :462
time>8000ms         :0
Pool[DBCP -- Multiple thread query] -- Begin{1000threads X 1000iterate}
Pool[DBCP -- Multiple thread query] -- Execution count:1000000,total time:83802155ms,avg time:83.80ms,min time:0ms,max time:546ms
success count       :1000000
fail count          :0
avr(ms)             :83.80
min(ms)             :0
max(ms)             :546
time==0ms           :2939
1ms=<time<=10ms     :80
10ms<time<=50ms     :15
50ms<time<=100ms    :950531
100ms<time<=200ms   :46038
200ms<time<=500ms   :396
500ms<time<=1000ms  :1
1000ms<time<=2000ms :0
2000ms<time<=8000ms :0
time>8000ms         :0
Pool[Tomcat -- Multiple thread query] -- Begin{1000threads X 1000iterate}
Pool[Tomcat -- Multiple thread query] -- Execution count:1000000,total time:78020376ms,avg time:78.02ms,min time:0ms,max time:559ms
success count       :1000000
fail count          :0
avr(ms)             :78.02
min(ms)             :0
max(ms)             :559
time==0ms           :6
1ms=<time<=10ms     :1
10ms<time<=50ms     :3
50ms<time<=100ms    :989014
100ms<time<=200ms   :9970
200ms<time<=500ms   :1005
500ms<time<=1000ms  :1
1000ms<time<=2000ms :0
2000ms<time<=8000ms :0
time>8000ms         :0
Pool[Druid -- Multiple thread query] -- Begin{1000threads X 1000iterate}
Pool[Druid -- Multiple thread query] -- Execution count:1000000,total time:83507405ms,avg time:83.51ms,min time:0ms,max time:1369ms
success count       :1000000
fail count          :0
avr(ms)             :83.51
min(ms)             :0
max(ms)             :1369
time==0ms           :187852
1ms=<time<=10ms     :28796
10ms<time<=50ms     :8861
50ms<time<=100ms    :592492
100ms<time<=200ms   :139393
200ms<time<=500ms   :41304
500ms<time<=1000ms  :1291
1000ms<time<=2000ms :11
2000ms<time<=8000ms :0
time>8000ms         :0
Pool[HikariCP -- Multiple thread query] -- Begin{1000threads X 1000iterate}
Pool[HikariCP -- Multiple thread query] -- Execution count:1000000,total time:30958869ms,avg time:30.96ms,min time:0ms,max time:43981ms
success count       :1000000
fail count          :0
avr(ms)             :30.96
min(ms)             :0
max(ms)             :43981
time==0ms           :992633
1ms=<time<=10ms     :3380
10ms<time<=50ms     :448
50ms<time<=100ms    :42
100ms<time<=200ms   :68
200ms<time<=500ms   :179
500ms<time<=1000ms  :212
1000ms<time<=2000ms :411
2000ms<time<=8000ms :1236
time>8000ms         :1391
Pool[Vibur -- Multiple thread query] -- Begin{1000threads X 1000iterate}
Pool[Vibur -- Multiple thread query] -- Execution count:1000000,total time:37465732ms,avg time:37.47ms,min time:0ms,max time:5288ms
success count       :1000000
fail count          :0
avr(ms)             :37.47
min(ms)             :0
max(ms)             :5288
time==0ms           :983909
1ms=<time<=10ms     :4999
10ms<time<=50ms     :319
50ms<time<=100ms    :55
100ms<time<=200ms   :66
200ms<time<=500ms   :262
500ms<time<=1000ms  :411
1000ms<time<=2000ms :1118
2000ms<time<=8000ms :8861
time>8000ms         :0
Pool[BeeCP_Fair -- Multiple thread query] -- Begin{1000threads X 1000iterate}
Pool[BeeCP_Fair -- Multiple thread query] -- Execution count:1000000,total time:42446457ms,avg time:42.45ms,min time:0ms,max time:292ms
success count       :1000000
fail count          :0
avr(ms)             :42.45
min(ms)             :0
max(ms)             :292
time==0ms           :53040
1ms=<time<=10ms     :34976
10ms<time<=50ms     :876462
50ms<time<=100ms    :23165
100ms<time<=200ms   :10490
200ms<time<=500ms   :1867
500ms<time<=1000ms  :0
1000ms<time<=2000ms :0
2000ms<time<=8000ms :0
time>8000ms         :0
Pool[BeeCP_Compete -- Multiple thread query] -- Begin{1000threads X 1000iterate}
Pool[BeeCP_Compete -- Multiple thread query] -- Execution count:1000000,total time:26296678ms,avg time:26.30ms,min time:0ms,max time:33943ms
success count       :1000000
fail count          :0
avr(ms)             :26.30
min(ms)             :0
max(ms)             :33943
time==0ms           :993980
1ms=<time<=10ms     :2476
10ms<time<=50ms     :280
50ms<time<=100ms    :569
100ms<time<=200ms   :871
200ms<time<=500ms   :286
500ms<time<=1000ms  :28
1000ms<time<=2000ms :50
2000ms<time<=8000ms :251
time>8000ms         :1209
[Multiple thread query]Performace analysis:Bee_C(26.30) > HikariCP(30.96) > Vibur(37.47) > Bee_F(42.45) > TOMCAT(78.02) > Druid(83.51) > DBCP(83.80) > C3P0(96.60)
|Sumary|C3P0|DBCP|TOMCAT|Druid|HikariCP|Vibur|Bee_F|Bee_C|
| --- | --- | --- | --- | --- | --- | --- | --- | --- |
|success Count|1000000|1000000|1000000|1000000|1000000|1000000|1000000|1000000|
|fail count|0|0|0|0|0|0|0|0|
|avr(ms)|96.60|83.80|78.02|83.51|30.96|37.47|42.45|26.30|
|min(ms)|0|0|0|0|0|0|0|0|
|max(ms)|3949|546|559|1369|43981|5288|292|33943|
|time=0ms|155336|2939|6|187852|992633|983909|53040|993980|
|1ms=<time<=10ms|73824|80|1|28796|3380|4999|34976|2476|
|10ms<time<=50ms|272639|15|3|8861|448|319|876462|280|
|50ms<time<=100ms|192203|950531|989014|592492|42|55|23165|569|
|100ms<time<=200ms|174072|46038|9970|139393|68|66|10490|871|
|200ms<time<=500ms|110892|396|1005|41304|179|262|1867|286|
|500ms<time<=1000ms|18492|1|1|1291|212|411|0|28|
|1000ms<time<=2000ms|2080|0|0|11|411|1118|0|50|
|2000ms<time<=800ms|462|0|0|0|1236|8861|0|251|
|8000ms<time|0|0|0|0|1391|0|0|1209||
