PC: Win7 I3-7100 8G mysql5.6.46_64
Pool init size10, max size:10
Pool version: HikariCP-3.3.1,BeeCP-2.3.2
DB restart after every pool test

[INFO]2020-04-17 18:31:27-[JDBC INFO]
[INFO]2020-04-17 18:31:27-[Driver:com.mysql.jdbc.Driver]
[INFO]2020-04-17 18:31:27-[URL:jdbc:mysql://localhost/test]
[INFO]2020-04-17 18:31:27-

[INFO]2020-04-17 18:31:27-HikariPool-1 - Starting...
[INFO]2020-04-17 18:31:27-HikariPool-1 - Start completed.
[INFO]2020-04-17 18:31:27-Pool[HikariCP -- Multiple thread borrow] -- Begin{1000threads X 1000iterate}
[INFO]2020-04-17 18:31:28-Pool[HikariCP -- Multiple thread borrow] -- Execution count:1000000,total time:151516ms,avg time:0.1515ms,min time:0ms,max time:227ms
[INFO]2020-04-17 18:31:28-success count       :1000000
[INFO]2020-04-17 18:31:28-fail count          :0
[INFO]2020-04-17 18:31:28-avr(ms)             :0.1515
[INFO]2020-04-17 18:31:28-min(ms)             :0
[INFO]2020-04-17 18:31:28-max(ms)             :227
[INFO]2020-04-17 18:31:28-time==0ms           :994209
[INFO]2020-04-17 18:31:28-1ms=<time<=10ms     :3093
[INFO]2020-04-17 18:31:28-10ms<time<=50ms     :1742
[INFO]2020-04-17 18:31:28-50ms<time<=100ms    :367
[INFO]2020-04-17 18:31:28-100ms<time<=200ms   :578
[INFO]2020-04-17 18:31:28-200ms<time<=500ms   :11
[INFO]2020-04-17 18:31:28-500ms<time<=1000ms  :0
[INFO]2020-04-17 18:31:28-1000ms<time<=2000ms :0
[INFO]2020-04-17 18:31:28-2000ms<time<=8000ms :0
[INFO]2020-04-17 18:31:28-time>8000ms         :0
[INFO]2020-04-17 18:31:28-

[INFO]2020-04-17 18:31:28-HikariPool-1 - Shutdown initiated...
[INFO]2020-04-17 18:31:28-HikariPool-1 - Shutdown completed.


[INFO]2020-04-17 18:31:53-[JDBC INFO]
[INFO]2020-04-17 18:31:53-[Driver:com.mysql.jdbc.Driver]
[INFO]2020-04-17 18:31:53-[URL:jdbc:mysql://localhost/test]
[INFO]2020-04-17 18:31:53-

[INFO]2020-04-17 18:31:53-BeeCP(FastPool-1)starting....
[WARN]2020-04-17 18:31:53-BeeCP(FastPool-1)driver not support 'networkTimeout'
[INFO]2020-04-17 18:31:53-BeeCP(FastPool-1)has startup{mode:fair,init size:10,max size:10,concurrent size:5,max wait:80000ms,driver:com.mysql.jdbc.Driver}
[INFO]2020-04-17 18:31:53-Pool[BeeCP_Fair -- Multiple thread borrow] -- Begin{1000threads X 1000iterate}
[INFO]2020-04-17 18:31:53-Pool[BeeCP_Fair -- Multiple thread borrow] -- Execution count:1000000,total time:53384ms,avg time:0.0534ms,min time:0ms,max time:48ms
[INFO]2020-04-17 18:31:53-success count       :1000000
[INFO]2020-04-17 18:31:53-fail count          :0
[INFO]2020-04-17 18:31:53-avr(ms)             :0.0534
[INFO]2020-04-17 18:31:53-min(ms)             :0
[INFO]2020-04-17 18:31:53-max(ms)             :48
[INFO]2020-04-17 18:31:53-time==0ms           :996418
[INFO]2020-04-17 18:31:53-1ms=<time<=10ms     :1855
[INFO]2020-04-17 18:31:53-10ms<time<=50ms     :1727
[INFO]2020-04-17 18:31:53-50ms<time<=100ms    :0
[INFO]2020-04-17 18:31:53-100ms<time<=200ms   :0
[INFO]2020-04-17 18:31:53-200ms<time<=500ms   :0
[INFO]2020-04-17 18:31:53-500ms<time<=1000ms  :0
[INFO]2020-04-17 18:31:53-1000ms<time<=2000ms :0
[INFO]2020-04-17 18:31:53-2000ms<time<=8000ms :0
[INFO]2020-04-17 18:31:53-time>8000ms         :0
[INFO]2020-04-17 18:31:53-

[INFO]2020-04-17 18:31:53-BeeCP(FastPool-1)begin to shutdown
[INFO]2020-04-17 18:31:53-BeeCP(FastPool-1)has shutdown


[INFO]2020-04-17 18:32:15-[JDBC INFO]
[INFO]2020-04-17 18:32:15-[Driver:com.mysql.jdbc.Driver]
[INFO]2020-04-17 18:32:15-[URL:jdbc:mysql://localhost/test]
[INFO]2020-04-17 18:32:15-

[INFO]2020-04-17 18:32:15-BeeCP(FastPool-1)starting....
[WARN]2020-04-17 18:32:15-BeeCP(FastPool-1)driver not support 'networkTimeout'
[INFO]2020-04-17 18:32:15-BeeCP(FastPool-1)has startup{mode:compete,init size:10,max size:10,concurrent size:5,max wait:80000ms,driver:com.mysql.jdbc.Driver}
[INFO]2020-04-17 18:32:15-Pool[BeeCP_Compete -- Multiple thread borrow] -- Begin{1000threads X 1000iterate}
[INFO]2020-04-17 18:32:15-Pool[BeeCP_Compete -- Multiple thread borrow] -- Execution count:1000000,total time:142ms,avg time:0.0001ms,min time:0ms,max time:17ms
[INFO]2020-04-17 18:32:15-success count       :1000000
[INFO]2020-04-17 18:32:15-fail count          :0
[INFO]2020-04-17 18:32:15-avr(ms)             :0.0001
[INFO]2020-04-17 18:32:15-min(ms)             :0
[INFO]2020-04-17 18:32:15-max(ms)             :17
[INFO]2020-04-17 18:32:15-time==0ms           :999993
[INFO]2020-04-17 18:32:15-1ms=<time<=10ms     :6
[INFO]2020-04-17 18:32:15-10ms<time<=50ms     :1
[INFO]2020-04-17 18:32:15-50ms<time<=100ms    :0
[INFO]2020-04-17 18:32:15-100ms<time<=200ms   :0
[INFO]2020-04-17 18:32:15-200ms<time<=500ms   :0
[INFO]2020-04-17 18:32:15-500ms<time<=1000ms  :0
[INFO]2020-04-17 18:32:15-1000ms<time<=2000ms :0
[INFO]2020-04-17 18:32:15-2000ms<time<=8000ms :0
[INFO]2020-04-17 18:32:15-time>8000ms         :0
[INFO]2020-04-17 18:32:15-

[INFO]2020-04-17 18:32:15-BeeCP(FastPool-1)begin to shutdown
[INFO]2020-04-17 18:32:15-BeeCP(FastPool-1)has shutdown
