[INFO]2020-01-14 00:23:56-[JDBC INFO]
[INFO]2020-01-14 00:23:56-[Driver:com.mysql.jdbc.Driver]
[INFO]2020-01-14 00:23:56-[URL:jdbc:mysql://localhost/test?characterEncoding=utf-8&serverTimezone=UTC]
[INFO]2020-01-14 00:23:56-

[INFO]2020-01-14 00:23:56-MLog clients using slf4j logging.
[INFO]2020-01-14 00:23:56-Initializing c3p0-0.9.5.2 [built 08-December-2015 22:06:04 -0800; debug? true; trace: 10]
[INFO]2020-01-14 00:23:56-Pool[C3P0 -- Multiple thread borrow] -- Begin{1000threads X 1000iterate}
[INFO]2020-01-14 00:23:59-Initializing c3p0 pool... com.mchange.v2.c3p0.ComboPooledDataSource [ acquireIncrement -> 3, acquireRetryAttempts -> 30, acquireRetryDelay -> 1000, autoCommitOnClose -> false, automaticTestTable -> null, breakAfterAcquireFailure -> false, checkoutTimeout -> 80000, connectionCustomizerClassName -> null, connectionTesterClassName -> com.mchange.v2.c3p0.impl.DefaultConnectionTester, contextClassLoaderSource -> caller, dataSourceName -> 1hge15xa718bdyerg086dg|36f0f1be, debugUnreturnedConnectionStackTraces -> false, description -> null, driverClass -> com.mysql.jdbc.Driver, extensions -> {}, factoryClassLocation -> null, forceIgnoreUnresolvedTransactions -> false, forceSynchronousCheckins -> false, forceUseNamedDriverClass -> false, identityToken -> 1hge15xa718bdyerg086dg|36f0f1be, idleConnectionTestPeriod -> 0, initialPoolSize -> 8, jdbcUrl -> jdbc:mysql://localhost/test?characterEncoding=utf-8&serverTimezone=UTC, maxAdministrativeTaskTime -> 0, maxConnectionAge -> 0, maxIdleTime -> 0, maxIdleTimeExcessConnections -> 0, maxPoolSize -> 8, maxStatements -> 0, maxStatementsPerConnection -> 20, minPoolSize -> 8, numHelperThreads -> 3, preferredTestQuery -> select 1 from dual, privilegeSpawnedThreads -> false, properties -> {user=******, password=******}, propertyCycle -> 0, statementCacheNumDeferredCloseThreads -> 0, testConnectionOnCheckin -> false, testConnectionOnCheckout -> true, unreturnedConnectionTimeout -> 0, userOverrides -> {}, usesTraditionalReflectiveProxies -> false ]
[INFO]2020-01-14 00:24:41-Pool[C3P0 -- Multiple thread borrow] -- Execution count:1000000,total time:40293194ms,avg time:40.2932ms,min time:0ms,max time:1782ms
[INFO]2020-01-14 00:24:41-success count       :1000000
[INFO]2020-01-14 00:24:41-fail count          :0
[INFO]2020-01-14 00:24:41-avr(ms)             :40.2932
[INFO]2020-01-14 00:24:41-min(ms)             :0
[INFO]2020-01-14 00:24:41-max(ms)             :1782
[INFO]2020-01-14 00:24:41-time==0ms           :123143
[INFO]2020-01-14 00:24:41-1ms=<time<=10ms     :178844
[INFO]2020-01-14 00:24:41-10ms<time<=50ms     :428207
[INFO]2020-01-14 00:24:41-50ms<time<=100ms    :182300
[INFO]2020-01-14 00:24:41-100ms<time<=200ms   :74161
[INFO]2020-01-14 00:24:41-200ms<time<=500ms   :11834
[INFO]2020-01-14 00:24:41-500ms<time<=1000ms  :1439
[INFO]2020-01-14 00:24:41-1000ms<time<=2000ms :72
[INFO]2020-01-14 00:24:41-2000ms<time<=8000ms :0
[INFO]2020-01-14 00:24:41-time>8000ms         :0
[INFO]2020-01-14 00:24:41-

[INFO]2020-01-14 00:24:46-Pool[DBCP -- Multiple thread borrow] -- Begin{1000threads X 1000iterate}
[INFO]2020-01-14 00:26:43-Pool[DBCP -- Multiple thread borrow] -- Execution count:1000000,total time:113599388ms,avg time:113.5994ms,min time:0ms,max time:631ms
[INFO]2020-01-14 00:26:43-success count       :1000000
[INFO]2020-01-14 00:26:43-fail count          :0
[INFO]2020-01-14 00:26:43-avr(ms)             :113.5994
[INFO]2020-01-14 00:26:43-min(ms)             :0
[INFO]2020-01-14 00:26:43-max(ms)             :631
[INFO]2020-01-14 00:26:43-time==0ms           :2895
[INFO]2020-01-14 00:26:43-1ms=<time<=10ms     :120
[INFO]2020-01-14 00:26:43-10ms<time<=50ms     :22
[INFO]2020-01-14 00:26:43-50ms<time<=100ms    :184
[INFO]2020-01-14 00:26:43-100ms<time<=200ms   :995840
[INFO]2020-01-14 00:26:43-200ms<time<=500ms   :933
[INFO]2020-01-14 00:26:43-500ms<time<=1000ms  :6
[INFO]2020-01-14 00:26:43-1000ms<time<=2000ms :0
[INFO]2020-01-14 00:26:43-2000ms<time<=8000ms :0
[INFO]2020-01-14 00:26:43-time>8000ms         :0
[INFO]2020-01-14 00:26:43-

[INFO]2020-01-14 00:26:49-Pool[Tomcat -- Multiple thread borrow] -- Begin{1000threads X 1000iterate}
[INFO]2020-01-14 00:27:15-Pool[Tomcat -- Multiple thread borrow] -- Execution count:1000000,total time:23239599ms,avg time:23.2396ms,min time:0ms,max time:554ms
[INFO]2020-01-14 00:27:15-success count       :1000000
[INFO]2020-01-14 00:27:15-fail count          :0
[INFO]2020-01-14 00:27:15-avr(ms)             :23.2396
[INFO]2020-01-14 00:27:15-min(ms)             :0
[INFO]2020-01-14 00:27:15-max(ms)             :554
[INFO]2020-01-14 00:27:15-time==0ms           :20
[INFO]2020-01-14 00:27:15-1ms=<time<=10ms     :1
[INFO]2020-01-14 00:27:15-10ms<time<=50ms     :997402
[INFO]2020-01-14 00:27:15-50ms<time<=100ms    :574
[INFO]2020-01-14 00:27:15-100ms<time<=200ms   :1128
[INFO]2020-01-14 00:27:15-200ms<time<=500ms   :874
[INFO]2020-01-14 00:27:15-500ms<time<=1000ms  :1
[INFO]2020-01-14 00:27:15-1000ms<time<=2000ms :0
[INFO]2020-01-14 00:27:15-2000ms<time<=8000ms :0
[INFO]2020-01-14 00:27:15-time>8000ms         :0
[INFO]2020-01-14 00:27:15-

[INFO]2020-01-14 00:27:20-Pool[Druid -- Multiple thread borrow] -- Begin{1000threads X 1000iterate}
[INFO]2020-01-14 00:27:23-{dataSource-1} inited
[INFO]2020-01-14 00:27:44-Pool[Druid -- Multiple thread borrow] -- Execution count:1000000,total time:17815113ms,avg time:17.8151ms,min time:0ms,max time:11952ms
[INFO]2020-01-14 00:27:44-success count       :1000000
[INFO]2020-01-14 00:27:44-fail count          :0
[INFO]2020-01-14 00:27:44-avr(ms)             :17.8151
[INFO]2020-01-14 00:27:44-min(ms)             :0
[INFO]2020-01-14 00:27:44-max(ms)             :11952
[INFO]2020-01-14 00:27:44-time==0ms           :980560
[INFO]2020-01-14 00:27:44-1ms=<time<=10ms     :1656
[INFO]2020-01-14 00:27:44-10ms<time<=50ms     :955
[INFO]2020-01-14 00:27:44-50ms<time<=100ms    :981
[INFO]2020-01-14 00:27:44-100ms<time<=200ms   :1616
[INFO]2020-01-14 00:27:44-200ms<time<=500ms   :3829
[INFO]2020-01-14 00:27:44-500ms<time<=1000ms  :4086
[INFO]2020-01-14 00:27:44-1000ms<time<=2000ms :3899
[INFO]2020-01-14 00:27:44-2000ms<time<=8000ms :2411
[INFO]2020-01-14 00:27:44-time>8000ms         :7
[INFO]2020-01-14 00:27:44-

[INFO]2020-01-14 00:27:44-{dataSource-1} closing ...
[INFO]2020-01-14 00:27:45-{dataSource-1} closed
[INFO]2020-01-14 00:27:50-HikariPool-1 - Starting...
[INFO]2020-01-14 00:27:50-HikariPool-1 - Start completed.
[INFO]2020-01-14 00:27:50-Pool[HikariCP -- Multiple thread borrow] -- Begin{1000threads X 1000iterate}
[INFO]2020-01-14 00:27:53-Pool[HikariCP -- Multiple thread borrow] -- Execution count:1000000,total time:294202ms,avg time:0.2942ms,min time:0ms,max time:397ms
[INFO]2020-01-14 00:27:53-success count       :1000000
[INFO]2020-01-14 00:27:53-fail count          :0
[INFO]2020-01-14 00:27:53-avr(ms)             :0.2942
[INFO]2020-01-14 00:27:53-min(ms)             :0
[INFO]2020-01-14 00:27:53-max(ms)             :397
[INFO]2020-01-14 00:27:53-time==0ms           :997270
[INFO]2020-01-14 00:27:53-1ms=<time<=10ms     :837
[INFO]2020-01-14 00:27:53-10ms<time<=50ms     :438
[INFO]2020-01-14 00:27:53-50ms<time<=100ms    :337
[INFO]2020-01-14 00:27:53-100ms<time<=200ms   :633
[INFO]2020-01-14 00:27:53-200ms<time<=500ms   :485
[INFO]2020-01-14 00:27:53-500ms<time<=1000ms  :0
[INFO]2020-01-14 00:27:53-1000ms<time<=2000ms :0
[INFO]2020-01-14 00:27:53-2000ms<time<=8000ms :0
[INFO]2020-01-14 00:27:53-time>8000ms         :0
[INFO]2020-01-14 00:27:53-

[INFO]2020-01-14 00:27:53-HikariPool-1 - Shutdown initiated...
[INFO]2020-01-14 00:27:53-HikariPool-1 - Shutdown completed.
[INFO]2020-01-14 00:27:58-Pool[Vibur -- Multiple thread borrow] -- Begin{1000threads X 1000iterate}
[INFO]2020-01-14 00:28:24-Pool[Vibur -- Multiple thread borrow] -- Execution count:1000000,total time:18682139ms,avg time:18.6821ms,min time:0ms,max time:2950ms
[INFO]2020-01-14 00:28:24-success count       :1000000
[INFO]2020-01-14 00:28:24-fail count          :0
[INFO]2020-01-14 00:28:24-avr(ms)             :18.6821
[INFO]2020-01-14 00:28:24-min(ms)             :0
[INFO]2020-01-14 00:28:24-max(ms)             :2950
[INFO]2020-01-14 00:28:24-time==0ms           :987943
[INFO]2020-01-14 00:28:24-1ms=<time<=10ms     :459
[INFO]2020-01-14 00:28:24-10ms<time<=50ms     :82
[INFO]2020-01-14 00:28:24-50ms<time<=100ms    :64
[INFO]2020-01-14 00:28:24-100ms<time<=200ms   :175
[INFO]2020-01-14 00:28:24-200ms<time<=500ms   :409
[INFO]2020-01-14 00:28:24-500ms<time<=1000ms  :1294
[INFO]2020-01-14 00:28:24-1000ms<time<=2000ms :7712
[INFO]2020-01-14 00:28:24-2000ms<time<=8000ms :1862
[INFO]2020-01-14 00:28:24-time>8000ms         :0
[INFO]2020-01-14 00:28:24-

[INFO]2020-01-14 00:28:29-BeeCP(FastPool-1)starting....
[WARN]2020-01-14 00:28:29-BeeCP(FastPool-1)driver not support 'networkTimeout'
[INFO]2020-01-14 00:28:29-BeeCP(FastPool-1)has startup{init size:8,max size:8,concurrent size:4,mode:fair,max wait:80000ms,driver:com.mysql.jdbc.Driver}
[INFO]2020-01-14 00:28:29-Pool[BeeCP_Fair -- Multiple thread borrow] -- Begin{1000threads X 1000iterate}
[INFO]2020-01-14 00:28:33-Pool[BeeCP_Fair -- Multiple thread borrow] -- Execution count:1000000,total time:124079ms,avg time:0.1241ms,min time:0ms,max time:129ms
[INFO]2020-01-14 00:28:33-success count       :1000000
[INFO]2020-01-14 00:28:33-fail count          :0
[INFO]2020-01-14 00:28:33-avr(ms)             :0.1241
[INFO]2020-01-14 00:28:33-min(ms)             :0
[INFO]2020-01-14 00:28:33-max(ms)             :129
[INFO]2020-01-14 00:28:33-time==0ms           :998243
[INFO]2020-01-14 00:28:33-1ms=<time<=10ms     :341
[INFO]2020-01-14 00:28:33-10ms<time<=50ms     :445
[INFO]2020-01-14 00:28:33-50ms<time<=100ms    :11
[INFO]2020-01-14 00:28:33-100ms<time<=200ms   :960
[INFO]2020-01-14 00:28:33-200ms<time<=500ms   :0
[INFO]2020-01-14 00:28:33-500ms<time<=1000ms  :0
[INFO]2020-01-14 00:28:33-1000ms<time<=2000ms :0
[INFO]2020-01-14 00:28:33-2000ms<time<=8000ms :0
[INFO]2020-01-14 00:28:33-time>8000ms         :0
[INFO]2020-01-14 00:28:33-

[INFO]2020-01-14 00:28:33-BeeCP(FastPool-1)begin to shutdown
[INFO]2020-01-14 00:28:33-BeeCP(FastPool-1)has shutdown
[INFO]2020-01-14 00:28:38-BeeCP(FastPool-2)starting....
[WARN]2020-01-14 00:28:38-BeeCP(FastPool-2)driver not support 'networkTimeout'
[INFO]2020-01-14 00:28:38-BeeCP(FastPool-2)has startup{init size:8,max size:8,concurrent size:4,mode:compete,max wait:80000ms,driver:com.mysql.jdbc.Driver}
[INFO]2020-01-14 00:28:38-Pool[BeeCP_Compete -- Multiple thread borrow] -- Begin{1000threads X 1000iterate}
[INFO]2020-01-14 00:28:41-Pool[BeeCP_Compete -- Multiple thread borrow] -- Execution count:1000000,total time:82094ms,avg time:0.0821ms,min time:0ms,max time:139ms
[INFO]2020-01-14 00:28:41-success count       :1000000
[INFO]2020-01-14 00:28:41-fail count          :0
[INFO]2020-01-14 00:28:41-avr(ms)             :0.0821
[INFO]2020-01-14 00:28:41-min(ms)             :0
[INFO]2020-01-14 00:28:41-max(ms)             :139
[INFO]2020-01-14 00:28:41-time==0ms           :999000
[INFO]2020-01-14 00:28:41-1ms=<time<=10ms     :2
[INFO]2020-01-14 00:28:41-10ms<time<=50ms     :24
[INFO]2020-01-14 00:28:41-50ms<time<=100ms    :806
[INFO]2020-01-14 00:28:41-100ms<time<=200ms   :168
[INFO]2020-01-14 00:28:41-200ms<time<=500ms   :0
[INFO]2020-01-14 00:28:41-500ms<time<=1000ms  :0
[INFO]2020-01-14 00:28:41-1000ms<time<=2000ms :0
[INFO]2020-01-14 00:28:41-2000ms<time<=8000ms :0
[INFO]2020-01-14 00:28:41-time>8000ms         :0
[INFO]2020-01-14 00:28:41-

[INFO]2020-01-14 00:28:41-BeeCP(FastPool-2)begin to shutdown
[INFO]2020-01-14 00:28:41-BeeCP(FastPool-2)has shutdown
[INFO]2020-01-14 00:28:46-[Multiple thread borrow]Performance analysis:Bee_C(0.0821) > Bee_F(0.1241) > HikariCP(0.2942) > Druid(17.8151) > Vibur(18.6821) > TOMCAT(23.2396) > C3P0(40.2932) > DBCP(113.5994)
[INFO]2020-01-14 00:28:46-|Sumary|C3P0|DBCP|TOMCAT|Druid|HikariCP|Vibur|Bee_F|Bee_C|
[INFO]2020-01-14 00:28:46-| --- | --- | --- | --- | --- | --- | --- | --- | --- |
[INFO]2020-01-14 00:28:46-|success Count|1000000|1000000|1000000|1000000|1000000|1000000|1000000|1000000|
[INFO]2020-01-14 00:28:46-|fail count|0|0|0|0|0|0|0|0|
[INFO]2020-01-14 00:28:46-|avr(ms)|40.2932|113.5994|23.2396|17.8151|0.2942|18.6821|0.1241|0.0821|
[INFO]2020-01-14 00:28:46-|min(ms)|0|0|0|0|0|0|0|0|
[INFO]2020-01-14 00:28:46-|max(ms)|1782|631|554|11952|397|2950|129|139|
[INFO]2020-01-14 00:28:46-|time=0ms|123143|2895|20|980560|997270|987943|998243|999000|
[INFO]2020-01-14 00:28:46-|1ms=<time<=10ms|178844|120|1|1656|837|459|341|2|
[INFO]2020-01-14 00:28:46-|10ms<time<=50ms|428207|22|997402|955|438|82|445|24|
[INFO]2020-01-14 00:28:46-|50ms<time<=100ms|182300|184|574|981|337|64|11|806|
[INFO]2020-01-14 00:28:46-|100ms<time<=200ms|74161|995840|1128|1616|633|175|960|168|
[INFO]2020-01-14 00:28:46-|200ms<time<=500ms|11834|933|874|3829|485|409|0|0|
[INFO]2020-01-14 00:28:46-|500ms<time<=1000ms|1439|6|1|4086|0|1294|0|0|
[INFO]2020-01-14 00:28:46-|1000ms<time<=2000ms|72|0|0|3899|0|7712|0|0|
[INFO]2020-01-14 00:28:46-|2000ms<time<=800ms|0|0|0|2411|0|1862|0|0|
[INFO]2020-01-14 00:28:46-|8000ms<time|0|0|0|7|0|0|0|0||
[INFO]2020-01-14 00:28:46-


