[INFO]2020-01-14 00:03:24-MLog clients using slf4j logging.
[INFO]2020-01-14 00:03:24-Initializing c3p0-0.9.5.2 [built 08-December-2015 22:06:04 -0800; debug? true; trace: 10]
[INFO]2020-01-14 00:03:25-Pool[C3P0 -- Multiple thread query] -- Begin{1000threads X 1000iterate}
[INFO]2020-01-14 00:03:30-Initializing c3p0 pool... com.mchange.v2.c3p0.ComboPooledDataSource [ acquireIncrement -> 3, acquireRetryAttempts -> 30, acquireRetryDelay -> 1000, autoCommitOnClose -> false, automaticTestTable -> null, breakAfterAcquireFailure -> false, checkoutTimeout -> 80000, connectionCustomizerClassName -> null, connectionTesterClassName -> com.mchange.v2.c3p0.impl.DefaultConnectionTester, contextClassLoaderSource -> caller, dataSourceName -> 1hge15xa718ankbv15684rb|6ee12bac, debugUnreturnedConnectionStackTraces -> false, description -> null, driverClass -> com.mysql.jdbc.Driver, extensions -> {}, factoryClassLocation -> null, forceIgnoreUnresolvedTransactions -> false, forceSynchronousCheckins -> false, forceUseNamedDriverClass -> false, identityToken -> 1hge15xa718ankbv15684rb|6ee12bac, idleConnectionTestPeriod -> 0, initialPoolSize -> 8, jdbcUrl -> jdbc:mysql://localhost/test?characterEncoding=utf-8&serverTimezone=UTC, maxAdministrativeTaskTime -> 0, maxConnectionAge -> 0, maxIdleTime -> 0, maxIdleTimeExcessConnections -> 0, maxPoolSize -> 8, maxStatements -> 0, maxStatementsPerConnection -> 20, minPoolSize -> 8, numHelperThreads -> 3, preferredTestQuery -> select 1 from dual, privilegeSpawnedThreads -> false, properties -> {user=******, password=******}, propertyCycle -> 0, statementCacheNumDeferredCloseThreads -> 0, testConnectionOnCheckin -> false, testConnectionOnCheckout -> true, unreturnedConnectionTimeout -> 0, userOverrides -> {}, usesTraditionalReflectiveProxies -> false ]
[INFO]2020-01-14 00:05:03-Pool[C3P0 -- Multiple thread query] -- Execution count:1000000,total time:88669561ms,avg time:88.6696ms,min time:0ms,max time:3418ms
[INFO]2020-01-14 00:05:03-success count       :1000000
[INFO]2020-01-14 00:05:03-fail count          :0
[INFO]2020-01-14 00:05:03-avr(ms)             :88.6696
[INFO]2020-01-14 00:05:03-min(ms)             :0
[INFO]2020-01-14 00:05:03-max(ms)             :3418
[INFO]2020-01-14 00:05:03-time==0ms           :119265
[INFO]2020-01-14 00:05:03-1ms=<time<=10ms     :81272
[INFO]2020-01-14 00:05:03-10ms<time<=50ms     :301687
[INFO]2020-01-14 00:05:03-50ms<time<=100ms    :200494
[INFO]2020-01-14 00:05:03-100ms<time<=200ms   :175437
[INFO]2020-01-14 00:05:03-200ms<time<=500ms   :111216
[INFO]2020-01-14 00:05:03-500ms<time<=1000ms  :10029
[INFO]2020-01-14 00:05:03-1000ms<time<=2000ms :540
[INFO]2020-01-14 00:05:03-2000ms<time<=8000ms :60
[INFO]2020-01-14 00:05:03-time>8000ms         :0
[INFO]2020-01-14 00:05:03-

[INFO]2020-01-14 00:05:08-Pool[DBCP -- Multiple thread query] -- Begin{1000threads X 1000iterate}
[INFO]2020-01-14 00:07:40-Pool[DBCP -- Multiple thread query] -- Execution count:1000000,total time:145698798ms,avg time:145.6988ms,min time:0ms,max time:624ms
[INFO]2020-01-14 00:07:40-success count       :1000000
[INFO]2020-01-14 00:07:40-fail count          :0
[INFO]2020-01-14 00:07:40-avr(ms)             :145.6988
[INFO]2020-01-14 00:07:40-min(ms)             :0
[INFO]2020-01-14 00:07:40-max(ms)             :624
[INFO]2020-01-14 00:07:40-time==0ms           :2746
[INFO]2020-01-14 00:07:40-1ms=<time<=10ms     :255
[INFO]2020-01-14 00:07:40-10ms<time<=50ms     :6
[INFO]2020-01-14 00:07:40-50ms<time<=100ms    :44
[INFO]2020-01-14 00:07:40-100ms<time<=200ms   :992650
[INFO]2020-01-14 00:07:40-200ms<time<=500ms   :4296
[INFO]2020-01-14 00:07:40-500ms<time<=1000ms  :3
[INFO]2020-01-14 00:07:40-1000ms<time<=2000ms :0
[INFO]2020-01-14 00:07:40-2000ms<time<=8000ms :0
[INFO]2020-01-14 00:07:40-time>8000ms         :0
[INFO]2020-01-14 00:07:40-

[INFO]2020-01-14 00:07:45-Pool[Tomcat -- Multiple thread query] -- Begin{1000threads X 1000iterate}
[INFO]2020-01-14 00:08:44-Pool[Tomcat -- Multiple thread query] -- Execution count:1000000,total time:54423114ms,avg time:54.4231ms,min time:0ms,max time:506ms
[INFO]2020-01-14 00:08:44-success count       :1000000
[INFO]2020-01-14 00:08:44-fail count          :0
[INFO]2020-01-14 00:08:44-avr(ms)             :54.4231
[INFO]2020-01-14 00:08:44-min(ms)             :0
[INFO]2020-01-14 00:08:44-max(ms)             :506
[INFO]2020-01-14 00:08:44-time==0ms           :14
[INFO]2020-01-14 00:08:44-1ms=<time<=10ms     :9
[INFO]2020-01-14 00:08:44-10ms<time<=50ms     :20
[INFO]2020-01-14 00:08:44-50ms<time<=100ms    :995966
[INFO]2020-01-14 00:08:44-100ms<time<=200ms   :2988
[INFO]2020-01-14 00:08:44-200ms<time<=500ms   :1001
[INFO]2020-01-14 00:08:44-500ms<time<=1000ms  :2
[INFO]2020-01-14 00:08:44-1000ms<time<=2000ms :0
[INFO]2020-01-14 00:08:44-2000ms<time<=8000ms :0
[INFO]2020-01-14 00:08:44-time>8000ms         :0
[INFO]2020-01-14 00:08:44-

[INFO]2020-01-14 00:08:49-Pool[Druid -- Multiple thread query] -- Begin{1000threads X 1000iterate}
[INFO]2020-01-14 00:08:55-{dataSource-1} inited
[INFO]2020-01-14 00:10:08-Pool[Druid -- Multiple thread query] -- Execution count:1000000,total time:58517819ms,avg time:58.5178ms,min time:0ms,max time:46588ms
[INFO]2020-01-14 00:10:08-success count       :1000000
[INFO]2020-01-14 00:10:08-fail count          :0
[INFO]2020-01-14 00:10:08-avr(ms)             :58.5178
[INFO]2020-01-14 00:10:08-min(ms)             :0
[INFO]2020-01-14 00:10:08-max(ms)             :46588
[INFO]2020-01-14 00:10:08-time==0ms           :983392
[INFO]2020-01-14 00:10:08-1ms=<time<=10ms     :3843
[INFO]2020-01-14 00:10:08-10ms<time<=50ms     :305
[INFO]2020-01-14 00:10:08-50ms<time<=100ms    :222
[INFO]2020-01-14 00:10:08-100ms<time<=200ms   :340
[INFO]2020-01-14 00:10:08-200ms<time<=500ms   :945
[INFO]2020-01-14 00:10:08-500ms<time<=1000ms  :1335
[INFO]2020-01-14 00:10:08-1000ms<time<=2000ms :1955
[INFO]2020-01-14 00:10:08-2000ms<time<=8000ms :5394
[INFO]2020-01-14 00:10:08-time>8000ms         :2269
[INFO]2020-01-14 00:10:08-

[INFO]2020-01-14 00:10:08-{dataSource-1} closing ...
[INFO]2020-01-14 00:10:08-{dataSource-1} closed
[INFO]2020-01-14 00:10:13-HikariPool-1 - Starting...
[INFO]2020-01-14 00:10:13-HikariPool-1 - Start completed.
[INFO]2020-01-14 00:10:13-Pool[HikariCP -- Multiple thread query] -- Begin{1000threads X 1000iterate}
[INFO]2020-01-14 00:11:11-Pool[HikariCP -- Multiple thread query] -- Execution count:1000000,total time:36108282ms,avg time:36.1083ms,min time:0ms,max time:49302ms
[INFO]2020-01-14 00:11:11-success count       :1000000
[INFO]2020-01-14 00:11:11-fail count          :0
[INFO]2020-01-14 00:11:11-avr(ms)             :36.1083
[INFO]2020-01-14 00:11:11-min(ms)             :0
[INFO]2020-01-14 00:11:11-max(ms)             :49302
[INFO]2020-01-14 00:11:11-time==0ms           :991582
[INFO]2020-01-14 00:11:11-1ms=<time<=10ms     :4034
[INFO]2020-01-14 00:11:11-10ms<time<=50ms     :327
[INFO]2020-01-14 00:11:11-50ms<time<=100ms    :55
[INFO]2020-01-14 00:11:11-100ms<time<=200ms   :98
[INFO]2020-01-14 00:11:11-200ms<time<=500ms   :153
[INFO]2020-01-14 00:11:11-500ms<time<=1000ms  :210
[INFO]2020-01-14 00:11:11-1000ms<time<=2000ms :432
[INFO]2020-01-14 00:11:11-2000ms<time<=8000ms :1480
[INFO]2020-01-14 00:11:11-time>8000ms         :1629
[INFO]2020-01-14 00:11:11-

[INFO]2020-01-14 00:11:11-HikariPool-1 - Shutdown initiated...
[INFO]2020-01-14 00:11:11-HikariPool-1 - Shutdown completed.
[INFO]2020-01-14 00:11:16-Pool[Vibur -- Multiple thread query] -- Begin{1000threads X 1000iterate}
[INFO]2020-01-14 00:12:14-Pool[Vibur -- Multiple thread query] -- Execution count:1000000,total time:43930503ms,avg time:43.9305ms,min time:0ms,max time:5287ms
[INFO]2020-01-14 00:12:14-success count       :1000000
[INFO]2020-01-14 00:12:14-fail count          :0
[INFO]2020-01-14 00:12:14-avr(ms)             :43.9305
[INFO]2020-01-14 00:12:14-min(ms)             :0
[INFO]2020-01-14 00:12:14-max(ms)             :5287
[INFO]2020-01-14 00:12:14-time==0ms           :984468
[INFO]2020-01-14 00:12:14-1ms=<time<=10ms     :2493
[INFO]2020-01-14 00:12:14-10ms<time<=50ms     :164
[INFO]2020-01-14 00:12:14-50ms<time<=100ms    :28
[INFO]2020-01-14 00:12:14-100ms<time<=200ms   :93
[INFO]2020-01-14 00:12:14-200ms<time<=500ms   :237
[INFO]2020-01-14 00:12:14-500ms<time<=1000ms  :519
[INFO]2020-01-14 00:12:14-1000ms<time<=2000ms :1030
[INFO]2020-01-14 00:12:14-2000ms<time<=8000ms :10968
[INFO]2020-01-14 00:12:14-time>8000ms         :0
[INFO]2020-01-14 00:12:14-

[INFO]2020-01-14 00:12:19-BeeCP(FastPool-1)starting....
[WARN]2020-01-14 00:12:19-BeeCP(FastPool-1)driver not support 'networkTimeout'
[INFO]2020-01-14 00:12:19-BeeCP(FastPool-1)has startup{init size:8,max size:8,concurrent size:4,mode:fair,max wait:80000ms,driver:com.mysql.jdbc.Driver}
[INFO]2020-01-14 00:12:19-Pool[BeeCP_Fair -- Multiple thread query] -- Begin{1000threads X 1000iterate}
[INFO]2020-01-14 00:13:17-Pool[BeeCP_Fair -- Multiple thread query] -- Execution count:1000000,total time:51513318ms,avg time:51.5133ms,min time:0ms,max time:529ms
[INFO]2020-01-14 00:13:17-success count       :1000000
[INFO]2020-01-14 00:13:17-fail count          :0
[INFO]2020-01-14 00:13:17-avr(ms)             :51.5133
[INFO]2020-01-14 00:13:17-min(ms)             :0
[INFO]2020-01-14 00:13:17-max(ms)             :529
[INFO]2020-01-14 00:13:17-time==0ms           :79639
[INFO]2020-01-14 00:13:17-1ms=<time<=10ms     :2695
[INFO]2020-01-14 00:13:17-10ms<time<=50ms     :110061
[INFO]2020-01-14 00:13:17-50ms<time<=100ms    :782405
[INFO]2020-01-14 00:13:17-100ms<time<=200ms   :13640
[INFO]2020-01-14 00:13:17-200ms<time<=500ms   :11558
[INFO]2020-01-14 00:13:17-500ms<time<=1000ms  :2
[INFO]2020-01-14 00:13:17-1000ms<time<=2000ms :0
[INFO]2020-01-14 00:13:17-2000ms<time<=8000ms :0
[INFO]2020-01-14 00:13:17-time>8000ms         :0
[INFO]2020-01-14 00:13:17-

[INFO]2020-01-14 00:13:17-BeeCP(FastPool-1)begin to shutdown
[INFO]2020-01-14 00:13:17-BeeCP(FastPool-1)has shutdown
[INFO]2020-01-14 00:13:22-BeeCP(FastPool-2)starting....
[WARN]2020-01-14 00:13:22-BeeCP(FastPool-2)driver not support 'networkTimeout'
[INFO]2020-01-14 00:13:22-BeeCP(FastPool-2)has startup{init size:8,max size:8,concurrent size:4,mode:compete,max wait:80000ms,driver:com.mysql.jdbc.Driver}
[INFO]2020-01-14 00:13:22-Pool[BeeCP_Compete -- Multiple thread query] -- Begin{1000threads X 1000iterate}
[INFO]2020-01-14 00:14:18-Pool[BeeCP_Compete -- Multiple thread query] -- Execution count:1000000,total time:30587107ms,avg time:30.5871ms,min time:0ms,max time:39196ms
[INFO]2020-01-14 00:14:18-success count       :1000000
[INFO]2020-01-14 00:14:18-fail count          :0
[INFO]2020-01-14 00:14:18-avr(ms)             :30.5871
[INFO]2020-01-14 00:14:18-min(ms)             :0
[INFO]2020-01-14 00:14:18-max(ms)             :39196
[INFO]2020-01-14 00:14:18-time==0ms           :993718
[INFO]2020-01-14 00:14:18-1ms=<time<=10ms     :2231
[INFO]2020-01-14 00:14:18-10ms<time<=50ms     :1498
[INFO]2020-01-14 00:14:18-50ms<time<=100ms    :861
[INFO]2020-01-14 00:14:18-100ms<time<=200ms   :165
[INFO]2020-01-14 00:14:18-200ms<time<=500ms   :15
[INFO]2020-01-14 00:14:18-500ms<time<=1000ms  :15
[INFO]2020-01-14 00:14:18-1000ms<time<=2000ms :35
[INFO]2020-01-14 00:14:18-2000ms<time<=8000ms :229
[INFO]2020-01-14 00:14:18-time>8000ms         :1233
[INFO]2020-01-14 00:14:18-

[INFO]2020-01-14 00:14:18-BeeCP(FastPool-2)begin to shutdown
[INFO]2020-01-14 00:14:18-BeeCP(FastPool-2)has shutdown
[INFO]2020-01-14 00:14:23-[Multiple thread query]Performance analysis:Bee_C(30.5871) > HikariCP(36.1083) > Vibur(43.9305) > Bee_F(51.5133) > TOMCAT(54.4231) > Druid(58.5178) > C3P0(88.6696) > DBCP(145.6988)
[INFO]2020-01-14 00:14:23-|Sumary|C3P0|DBCP|TOMCAT|Druid|HikariCP|Vibur|Bee_F|Bee_C|
[INFO]2020-01-14 00:14:23-| --- | --- | --- | --- | --- | --- | --- | --- | --- |
[INFO]2020-01-14 00:14:23-|success Count|1000000|1000000|1000000|1000000|1000000|1000000|1000000|1000000|
[INFO]2020-01-14 00:14:23-|fail count|0|0|0|0|0|0|0|0|
[INFO]2020-01-14 00:14:23-|avr(ms)|88.6696|145.6988|54.4231|58.5178|36.1083|43.9305|51.5133|30.5871|
[INFO]2020-01-14 00:14:23-|min(ms)|0|0|0|0|0|0|0|0|
[INFO]2020-01-14 00:14:23-|max(ms)|3418|624|506|46588|49302|5287|529|39196|
[INFO]2020-01-14 00:14:23-|time=0ms|119265|2746|14|983392|991582|984468|79639|993718|
[INFO]2020-01-14 00:14:23-|1ms=<time<=10ms|81272|255|9|3843|4034|2493|2695|2231|
[INFO]2020-01-14 00:14:23-|10ms<time<=50ms|301687|6|20|305|327|164|110061|1498|
[INFO]2020-01-14 00:14:23-|50ms<time<=100ms|200494|44|995966|222|55|28|782405|861|
[INFO]2020-01-14 00:14:23-|100ms<time<=200ms|175437|992650|2988|340|98|93|13640|165|
[INFO]2020-01-14 00:14:23-|200ms<time<=500ms|111216|4296|1001|945|153|237|11558|15|
[INFO]2020-01-14 00:14:23-|500ms<time<=1000ms|10029|3|2|1335|210|519|2|15|
[INFO]2020-01-14 00:14:23-|1000ms<time<=2000ms|540|0|0|1955|432|1030|0|35|
[INFO]2020-01-14 00:14:23-|2000ms<time<=800ms|60|0|0|5394|1480|10968|0|229|
[INFO]2020-01-14 00:14:23-|8000ms<time|0|0|0|2269|1629|0|0|1233||
[INFO]2020-01-14 00:14:23-


