[JDBC INFO]
[Driver:com.zaxxer.hikari.benchmark.stubs.StubDriver]
[URL:jdbc:stub]


Pool[C3P0 -- Multiple thread query] -- Begin{1000threads X 1000iterate}
Pool[C3P0 -- Multiple thread query] -- Execution count:1000000,total time:7274011ms,avg time:7.2740ms,min time:0ms,max time:1592ms
success count       :1000000
fail count          :0
avr(ms)             :7.2740
min(ms)             :0
max(ms)             :1592
time==0ms           :822547
1ms=<time<=10ms     :31890
10ms<time<=50ms     :122561
50ms<time<=100ms    :14895
100ms<time<=200ms   :4238
200ms<time<=500ms   :2577
500ms<time<=1000ms  :1146
1000ms<time<=2000ms :146
2000ms<time<=8000ms :0
time>8000ms         :0


Pool[DBCP -- Multiple thread query] -- Begin{1000threads X 1000iterate}
Pool[DBCP -- Multiple thread query] -- Execution count:1000000,total time:5423044ms,avg time:5.4230ms,min time:0ms,max time:617ms
success count       :1000000
fail count          :0
avr(ms)             :5.4230
min(ms)             :0
max(ms)             :617
time==0ms           :88817
1ms=<time<=10ms     :905297
10ms<time<=50ms     :4800
50ms<time<=100ms    :96
100ms<time<=200ms   :17
200ms<time<=500ms   :146
500ms<time<=1000ms  :827
1000ms<time<=2000ms :0
2000ms<time<=8000ms :0
time>8000ms         :0


Pool[HikariCP -- Multiple thread query] -- Begin{1000threads X 1000iterate}
Pool[HikariCP -- Multiple thread query] -- Execution count:1000000,total time:362931ms,avg time:0.3629ms,min time:0ms,max time:475ms
success count       :1000000
fail count          :0
avr(ms)             :0.3629
min(ms)             :0
max(ms)             :475
time==0ms           :998531
1ms=<time<=10ms     :60
10ms<time<=50ms     :92
50ms<time<=100ms    :34
100ms<time<=200ms   :417
200ms<time<=500ms   :866
500ms<time<=1000ms  :0
1000ms<time<=2000ms :0
2000ms<time<=8000ms :0
time>8000ms         :0


Pool[Tomcat -- Multiple thread query] -- Begin{1000threads X 1000iterate}
Pool[Tomcat -- Multiple thread query] -- Execution count:1000000,total time:4054167ms,avg time:4.0542ms,min time:3ms,max time:236ms
success count       :1000000
fail count          :0
avr(ms)             :4.0542
min(ms)             :3
max(ms)             :236
time==0ms           :0
1ms=<time<=10ms     :984381
10ms<time<=50ms     :13619
50ms<time<=100ms    :1000
100ms<time<=200ms   :419
200ms<time<=500ms   :581
500ms<time<=1000ms  :0
1000ms<time<=2000ms :0
2000ms<time<=8000ms :0
time>8000ms         :0


Pool[Druid -- Multiple thread query] -- Begin{1000threads X 1000iterate}
Pool[Druid -- Multiple thread query] -- Execution count:1000000,total time:11837797ms,avg time:11.8378ms,min time:0ms,max time:325ms
success count       :1000000
fail count          :0
avr(ms)             :11.8378
min(ms)             :0
max(ms)             :325
time==0ms           :18014
1ms=<time<=10ms     :42020
10ms<time<=50ms     :937320
50ms<time<=100ms    :645
100ms<time<=200ms   :1001
200ms<time<=500ms   :1000
500ms<time<=1000ms  :0
1000ms<time<=2000ms :0
2000ms<time<=8000ms :0
time>8000ms         :0


Pool[Vibur -- Multiple thread query] -- Begin{1000threads X 1000iterate}
Pool[Vibur -- Multiple thread query] -- Execution count:1000000,total time:116034ms,avg time:0.1160ms,min time:0ms,max time:1875ms
success count       :1000000
fail count          :0
avr(ms)             :0.1160
min(ms)             :0
max(ms)             :1875
time==0ms           :999548
1ms=<time<=10ms     :12
10ms<time<=50ms     :0
50ms<time<=100ms    :26
100ms<time<=200ms   :121
200ms<time<=500ms   :289
500ms<time<=1000ms  :0
1000ms<time<=2000ms :4
2000ms<time<=8000ms :0
time>8000ms         :0


Pool[BeeCP_Fair -- Multiple thread query] -- Begin{1000threads X 1000iterate}
Pool[BeeCP_Fair -- Multiple thread query] -- Execution count:1000000,total time:189782ms,avg time:0.1898ms,min time:0ms,max time:300ms
success count       :1000000
fail count          :0
avr(ms)             :0.1898
min(ms)             :0
max(ms)             :300
time==0ms           :998992
1ms=<time<=10ms     :9
10ms<time<=50ms     :40
50ms<time<=100ms    :118
100ms<time<=200ms   :345
200ms<time<=500ms   :496
500ms<time<=1000ms  :0
1000ms<time<=2000ms :0
2000ms<time<=8000ms :0
time>8000ms         :0


Pool[BeeCP_Compete -- Multiple thread query] -- Begin{1000threads X 1000iterate}
Pool[BeeCP_Compete -- Multiple thread query] -- Execution count:1000000,total time:513ms,avg time:0.0005ms,min time:0ms,max time:121ms
success count       :1000000
fail count          :0
avr(ms)             :0.0005
min(ms)             :0
max(ms)             :121
time==0ms           :999995
1ms=<time<=10ms     :3
10ms<time<=50ms     :0
50ms<time<=100ms    :1
100ms<time<=200ms   :1
200ms<time<=500ms   :0
500ms<time<=1000ms  :0
1000ms<time<=2000ms :0
2000ms<time<=8000ms :0
time>8000ms         :0


[Multiple thread query]Performance analysis:Bee_C(0.0005) > Vibur(0.1160) > Bee_F(0.1898) > HikariCP(0.3629) > TOMCAT(4.0542) > DBCP(5.4230) > C3P0(7.2740) > Druid(11.8378)
|Sumary|C3P0|DBCP|HikariCP|TOMCAT|Druid|Vibur|Bee_F|Bee_C|
| --- | --- | --- | --- | --- | --- | --- | --- | --- |
|success Count|1000000|1000000|1000000|1000000|1000000|1000000|1000000|1000000|
|fail count|0|0|0|0|0|0|0|0|
|avr(ms)|7.2740|5.4230|0.3629|4.0542|11.8378|0.1160|0.1898|0.0005|
|min(ms)|0|0|0|3|0|0|0|0|
|max(ms)|1592|617|475|236|325|1875|300|121|
|time=0ms|822547|88817|998531|0|18014|999548|998992|999995|
|1ms=<time<=10ms|31890|905297|60|984381|42020|12|9|3|
|10ms<time<=50ms|122561|4800|92|13619|937320|0|40|0|
|50ms<time<=100ms|14895|96|34|1000|645|26|118|1|
|100ms<time<=200ms|4238|17|417|419|1001|121|345|1|
|200ms<time<=500ms|2577|146|866|581|1000|289|496|0|
|500ms<time<=1000ms|1146|827|0|0|0|0|0|0|
|1000ms<time<=2000ms|146|0|0|0|0|4|0|0|
|2000ms<time<=800ms|0|0|0|0|0|0|0|0|
|8000ms<time|0|0|0|0|0|0|0|0||



