Pool[C3P0 -- Multiple thread query] -- Begin{1000threads X 1000iterate}
Pool[C3P0 -- Multiple thread query] -- Execution count:1000000,total time:6352765ms,avg time:6.3528ms,min time:0ms,max time:466ms
success count       :1000000
fail count          :0
avr(ms)             :6.3528
min(ms)             :0
max(ms)             :466
time==0ms           :565947
1ms=<time<=10ms     :273437
10ms<time<=50ms     :143185
50ms<time<=100ms    :14647
100ms<time<=200ms   :2075
200ms<time<=500ms   :709
500ms<time<=1000ms  :0
1000ms<time<=2000ms :0
2000ms<time<=8000ms :0
time>8000ms         :0
Pool[DBCP -- Multiple thread query] -- Begin{1000threads X 1000iterate}
Pool[DBCP -- Multiple thread query] -- Execution count:1000000,total time:3986235ms,avg time:3.9862ms,min time:0ms,max time:88ms
success count       :1000000
fail count          :0
avr(ms)             :3.9862
min(ms)             :0
max(ms)             :88
time==0ms           :4394
1ms=<time<=10ms     :981990
10ms<time<=50ms     :12489
50ms<time<=100ms    :1127
100ms<time<=200ms   :0
200ms<time<=500ms   :0
500ms<time<=1000ms  :0
1000ms<time<=2000ms :0
2000ms<time<=8000ms :0
time>8000ms         :0
Pool[HikariCP -- Multiple thread query] -- Begin{1000threads X 1000iterate}
Pool[HikariCP -- Multiple thread query] -- Execution count:1000000,total time:305322ms,avg time:0.3053ms,min time:0ms,max time:165ms
success count       :1000000
fail count          :0
avr(ms)             :0.3053
min(ms)             :0
max(ms)             :165
time==0ms           :992724
1ms=<time<=10ms     :2678
10ms<time<=50ms     :2407
50ms<time<=100ms    :991
100ms<time<=200ms   :1200
200ms<time<=500ms   :0
500ms<time<=1000ms  :0
1000ms<time<=2000ms :0
2000ms<time<=8000ms :0
time>8000ms         :0
Pool[Tomcat -- Multiple thread query] -- Begin{1000threads X 1000iterate}
Pool[Tomcat -- Multiple thread query] -- Execution count:1000000,total time:1900050ms,avg time:1.9001ms,min time:0ms,max time:146ms
success count       :1000000
fail count          :0
avr(ms)             :1.9001
min(ms)             :0
max(ms)             :146
time==0ms           :58955
1ms=<time<=10ms     :940078
10ms<time<=50ms     :946
50ms<time<=100ms    :6
100ms<time<=200ms   :15
200ms<time<=500ms   :0
500ms<time<=1000ms  :0
1000ms<time<=2000ms :0
2000ms<time<=8000ms :0
time>8000ms         :0
Pool[Druid -- Multiple thread query] -- Begin{1000threads X 1000iterate}
Pool[Druid -- Multiple thread query] -- Execution count:1000000,total time:9717047ms,avg time:9.7170ms,min time:0ms,max time:1109ms
success count       :1000000
fail count          :0
avr(ms)             :9.7170
min(ms)             :0
max(ms)             :1109
time==0ms           :222314
1ms=<time<=10ms     :721272
10ms<time<=50ms     :49178
50ms<time<=100ms    :2248
100ms<time<=200ms   :1707
200ms<time<=500ms   :2402
500ms<time<=1000ms  :686
1000ms<time<=2000ms :193
2000ms<time<=8000ms :0
time>8000ms         :0
Pool[Vibur -- Multiple thread query] -- Begin{1000threads X 1000iterate}
Pool[Vibur -- Multiple thread query] -- Execution count:1000000,total time:306792ms,avg time:0.3068ms,min time:0ms,max time:453ms
success count       :1000000
fail count          :0
avr(ms)             :0.3068
min(ms)             :0
max(ms)             :453
time==0ms           :998845
1ms=<time<=10ms     :43
10ms<time<=50ms     :43
50ms<time<=100ms    :105
100ms<time<=200ms   :169
200ms<time<=500ms   :795
500ms<time<=1000ms  :0
1000ms<time<=2000ms :0
2000ms<time<=8000ms :0
time>8000ms         :0
Pool[BeeCP_Fair -- Multiple thread query] -- Begin{1000threads X 1000iterate}
Pool[BeeCP_Fair -- Multiple thread query] -- Execution count:1000000,total time:599ms,avg time:0.0006ms,min time:0ms,max time:61ms
success count       :1000000
fail count          :0
avr(ms)             :0.0006
min(ms)             :0
max(ms)             :61
time==0ms           :999987
1ms=<time<=10ms     :7
10ms<time<=50ms     :4
50ms<time<=100ms    :2
100ms<time<=200ms   :0
200ms<time<=500ms   :0
500ms<time<=1000ms  :0
1000ms<time<=2000ms :0
2000ms<time<=8000ms :0
time>8000ms         :0
Pool[BeeCP_Compete -- Multiple thread query] -- Begin{1000threads X 1000iterate}
Pool[BeeCP_Compete -- Multiple thread query] -- Execution count:1000000,total time:98040ms,avg time:0.0980ms,min time:0ms,max time:131ms
success count       :1000000
fail count          :0
avr(ms)             :0.0980
min(ms)             :0
max(ms)             :131
time==0ms           :998978
1ms=<time<=10ms     :19
10ms<time<=50ms     :46
50ms<time<=100ms    :451
100ms<time<=200ms   :506
200ms<time<=500ms   :0
500ms<time<=1000ms  :0
1000ms<time<=2000ms :0
2000ms<time<=8000ms :0
time>8000ms         :0
[Multiple thread query]Performace analysis:Bee_F(0.0006) > Bee_C(0.0980) > HikariCP(0.3053) > Vibur(0.3068) > TOMCAT(1.9001) > DBCP(3.9862) > C3P0(6.3528) > Druid(9.7170)
|Sumary|C3P0|DBCP|HikariCP|TOMCAT|Druid|Vibur|Bee_F|Bee_C|
| --- | --- | --- | --- | --- | --- | --- | --- | --- |
|success Count|1000000|1000000|1000000|1000000|1000000|1000000|1000000|1000000|
|fail count|0|0|0|0|0|0|0|0|
|avr(ms)|6.3528|3.9862|0.3053|1.9001|9.7170|0.3068|0.0006|0.0980|
|min(ms)|0|0|0|0|0|0|0|0|
|max(ms)|466|88|165|146|1109|453|61|131|
|time=0ms|565947|4394|992724|58955|222314|998845|999987|998978|
|1ms=<time<=10ms|273437|981990|2678|940078|721272|43|7|19|
|10ms<time<=50ms|143185|12489|2407|946|49178|43|4|46|
|50ms<time<=100ms|14647|1127|991|6|2248|105|2|451|
|100ms<time<=200ms|2075|0|1200|15|1707|169|0|506|
|200ms<time<=500ms|709|0|0|0|2402|795|0|0|
|500ms<time<=1000ms|0|0|0|0|686|0|0|0|
|1000ms<time<=2000ms|0|0|0|0|193|0|0|0|
|2000ms<time<=800ms|0|0|0|0|0|0|0|0|
|8000ms<time|0|0|0|0|0|0|0|0||
